<?xml version="1.0" encoding="UTF-8"?>
<testsuite xmlns:xsi="http://www.w3.org/2001/XMLSchema-instance" xsi:noNamespaceSchemaLocation="https://maven.apache.org/surefire/maven-surefire-plugin/xsd/surefire-test-report.xsd" name="Registration" time="15.229" tests="1" errors="1" skipped="0" failures="0">
  <properties>
[...]
</properties>
  <testcase name="User should be able to register to the application with proper data" classname="Registration" time="15.229">
    <error message="stale element reference: element is not attached to the page document&#10;  (Session info: chrome=78.0.3904.97)&#10;For documentation on this error, please visit: https://www.seleniumhq.org/exceptions/stale_element_reference.html&#10;Build info: version: &apos;3.141.59&apos;, revision: &apos;e82be7d358&apos;, time: &apos;2018-11-14T08:17:03&apos;&#10;System info: host: &apos;MacBook-Pro-Robert.local&apos;, ip: &apos;fe80:0:0:0:1082:485d:f34d:4f64%en0&apos;, os.name: &apos;Mac OS X&apos;, os.arch: &apos;x86_64&apos;, os.version: &apos;10.14.5&apos;, java.version: &apos;13.0.1&apos;&#10;Driver info: org.openqa.selenium.chrome.ChromeDriver&#10;Capabilities {acceptInsecureCerts: false, browserName: chrome, browserVersion: 78.0.3904.97, chrome: {chromedriverVersion: 78.0.3904.70 (edb9c9f3de024..., userDataDir: /var/folders/rd/3fnxw8fx1l3...}, goog:chromeOptions: {debuggerAddress: localhost:51841}, javascriptEnabled: true, networkConnectionEnabled: false, pageLoadStrategy: normal, platform: MAC, platformName: MAC, proxy: Proxy(), setWindowRect: true, strictFileInteractability: false, timeouts: {implicit: 0, pageLoad: 300000, script: 30000}, unhandledPromptBehavior: dismiss and notify}&#10;Session ID: 7bc97dc42d6dc3facfe4132e3e01b118" type="org.openqa.selenium.StaleElementReferenceException">org.openqa.selenium.StaleElementReferenceException: 
stale element reference: element is not attached to the page document
  (Session info: chrome=78.0.3904.97)
For documentation on this error, please visit: https://www.seleniumhq.org/exceptions/stale_element_reference.html
Build info: version: '3.141.59', revision: 'e82be7d358', time: '2018-11-14T08:17:03'
System info: host: 'MacBook-Pro-Robert.local', ip: 'fe80:0:0:0:1082:485d:f34d:4f64%en0', os.name: 'Mac OS X', os.arch: 'x86_64', os.version: '10.14.5', java.version: '13.0.1'
Driver info: org.openqa.selenium.chrome.ChromeDriver
Capabilities {acceptInsecureCerts: false, browserName: chrome, browserVersion: 78.0.3904.97, chrome: {chromedriverVersion: 78.0.3904.70 (edb9c9f3de024..., userDataDir: /var/folders/rd/3fnxw8fx1l3...}, goog:chromeOptions: {debuggerAddress: localhost:51841}, javascriptEnabled: true, networkConnectionEnabled: false, pageLoadStrategy: normal, platform: MAC, platformName: MAC, proxy: Proxy(), setWindowRect: true, strictFileInteractability: false, timeouts: {implicit: 0, pageLoad: 300000, script: 30000}, unhandledPromptBehavior: dismiss and notify}
Session ID: 7bc97dc42d6dc3facfe4132e3e01b118
</error>
    <system-out><![CDATA[Feature: Add products to cart

  Scenario Outline: User should be able to add different products to the cart in different ways &amp#27;[90m# src/test/resources/myproject/features/AddProductsToCart.feature:3&amp#27;[0m
    &amp#27;[36mGiven user goes to the http://automationpractice.com main page&amp#27;[0m
    &amp#27;[36mAnd he logs in with default credentials&amp#27;[0m
    &amp#27;[36mAnd he searches for <product> product&amp#27;[0m
    &amp#27;[36mAnd he adds product number 1 to the cart&amp#27;[0m
    &amp#27;[36mAnd he adds product number 2 to the cart from quick view popup&amp#27;[0m
    &amp#27;[36mAnd he adds product number 3 to the cart from product's details page&amp#27;[0m
    &amp#27;[36mWhen he goes to the cart&amp#27;[0m
    &amp#27;[36mThen he should see 2 products added to the cart&amp#27;[0m

    Examples: 

  Scenario Outline: User should be able to add different products to the cart in different ways &amp#27;[90m# src/test/resources/myproject/features/AddProductsToCart.feature:15&amp#27;[0m
    &amp#27;[32mGiven &amp#27;[0m&amp#27;[32muser goes to the &amp#27;[0m&amp#27;[32m&amp#27;[1mhttp://automationpractice.com&amp#27;[0m&amp#27;[32m main page&amp#27;[0m                              &amp#27;[90m# StepDefs.goToThePage(String)&amp#27;[0m
    &amp#27;[32mAnd &amp#27;[0m&amp#27;[32mhe logs in with default credentials&amp#27;[0m                                                     &amp#27;[90m# StepDefs.logIn()&amp#27;[0m
    &amp#27;[32mAnd &amp#27;[0m&amp#27;[32mhe searches for &amp#27;[0m&amp#27;[32m&amp#27;[1mdress&amp#27;[0m&amp#27;[32m product&amp#27;[0m                                                           &amp#27;[90m# StepDefs.searchForProduct(String)&amp#27;[0m
    &amp#27;[32mAnd &amp#27;[0m&amp#27;[32mhe adds product number &amp#27;[0m&amp#27;[32m&amp#27;[1m1&amp#27;[0m&amp#27;[32m to the cart&amp#27;[0m                                                    &amp#27;[90m# StepDefs.heAddsProductToTheCart(int)&amp#27;[0m
    &amp#27;[31mAnd &amp#27;[0m&amp#27;[31mhe adds product number &amp#27;[0m&amp#27;[31m&amp#27;[1m2&amp#27;[0m&amp#27;[31m to the cart from quick view popup&amp#27;[0m                              &amp#27;[90m# StepDefs.heAddsIndifferentProductToTheCartFromQuickViewPopup(int)&amp#27;[0m
      &amp#27;[31morg.openqa.selenium.TimeoutException: Expected condition failed: waiting for visibility of element located by By.cssSelector: #add_to_cart > button (tried for 30 second(s) with 500 milliseconds interval)
	at org.openqa.selenium.support.ui.WebDriverWait.timeoutException(WebDriverWait.java:95)
	at org.openqa.selenium.support.ui.FluentWait.until(FluentWait.java:272)
	at myproject.page.QuickViewPage.expectElements(QuickViewPage.java:11)
	at myproject.common.StepDefs.heAddsIndifferentProductToTheCartFromQuickViewPopup(StepDefs.java:122)
	at ✽.he adds product number 2 to the cart from quick view popup(file:src/test/resources/myproject/features/AddProductsToCart.feature:8)
Caused by: org.openqa.selenium.NoSuchElementException: no such element: Unable to locate element: {"method":"css selector","selector":"#add_to_cart > button"}
  (Session info: chrome=78.0.3904.97)
For documentation on this error, please visit: https://www.seleniumhq.org/exceptions/no_such_element.html
Build info: version: '3.141.59', revision: 'e82be7d358', time: '2018-11-14T08:17:03'
System info: host: 'MacBook-Pro-Robert.local', ip: 'fe80:0:0:0:1082:485d:f34d:4f64%en0', os.name: 'Mac OS X', os.arch: 'x86_64', os.version: '10.14.5', java.version: '13.0.1'
Driver info: org.openqa.selenium.chrome.ChromeDriver
Capabilities {acceptInsecureCerts: false, browserName: chrome, browserVersion: 78.0.3904.97, chrome: {chromedriverVersion: 78.0.3904.70 (edb9c9f3de024..., userDataDir: /var/folders/rd/3fnxw8fx1l3...}, goog:chromeOptions: {debuggerAddress: localhost:51841}, javascriptEnabled: true, networkConnectionEnabled: false, pageLoadStrategy: normal, platform: MAC, platformName: MAC, proxy: Proxy(), setWindowRect: true, strictFileInteractability: false, timeouts: {implicit: 0, pageLoad: 300000, script: 30000}, unhandledPromptBehavior: dismiss and notify}
Session ID: 7bc97dc42d6dc3facfe4132e3e01b118
*** Element info: {Using=css selector, value=#add_to_cart > button}
	at jdk.internal.reflect.GeneratedConstructorAccessor9.newInstance(Unknown Source)
	at java.base/jdk.internal.reflect.DelegatingConstructorAccessorImpl.newInstance(DelegatingConstructorAccessorImpl.java:45)
	at java.base/java.lang.reflect.Constructor.newInstanceWithCaller(Constructor.java:500)
	at java.base/java.lang.reflect.Constructor.newInstance(Constructor.java:481)
	at org.openqa.selenium.remote.http.W3CHttpResponseCodec.createException(W3CHttpResponseCodec.java:187)
	at org.openqa.selenium.remote.http.W3CHttpResponseCodec.decode(W3CHttpResponseCodec.java:122)
	at org.openqa.selenium.remote.http.W3CHttpResponseCodec.decode(W3CHttpResponseCodec.java:49)
	at org.openqa.selenium.remote.HttpCommandExecutor.execute(HttpCommandExecutor.java:158)
	at org.openqa.selenium.remote.service.DriverCommandExecutor.execute(DriverCommandExecutor.java:83)
	at org.openqa.selenium.remote.RemoteWebDriver.execute(RemoteWebDriver.java:552)
	at org.openqa.selenium.remote.RemoteWebDriver.findElement(RemoteWebDriver.java:323)
	at org.openqa.selenium.remote.RemoteWebDriver.findElementByCssSelector(RemoteWebDriver.java:420)
	at org.openqa.selenium.By$ByCssSelector.findElement(By.java:431)
	at org.openqa.selenium.remote.RemoteWebDriver.findElement(RemoteWebDriver.java:315)
	at org.openqa.selenium.support.ui.ExpectedConditions$7.apply(ExpectedConditions.java:205)
	at org.openqa.selenium.support.ui.ExpectedConditions$7.apply(ExpectedConditions.java:201)
	at org.openqa.selenium.support.ui.FluentWait.until(FluentWait.java:249)
	at myproject.page.QuickViewPage.expectElements(QuickViewPage.java:11)
	at myproject.common.StepDefs.heAddsIndifferentProductToTheCartFromQuickViewPopup(StepDefs.java:122)
	at java.base/jdk.internal.reflect.NativeMethodAccessorImpl.invoke0(Native Method)
	at java.base/jdk.internal.reflect.NativeMethodAccessorImpl.invoke(NativeMethodAccessorImpl.java:62)
	at java.base/jdk.internal.reflect.DelegatingMethodAccessorImpl.invoke(DelegatingMethodAccessorImpl.java:43)
	at java.base/java.lang.reflect.Method.invoke(Method.java:567)
	at cucumber.runtime.Utils$1.call(Utils.java:26)
	at cucumber.runtime.Timeout.timeout(Timeout.java:16)
	at cucumber.runtime.Utils.invoke(Utils.java:20)
	at cucumber.runtime.java.JavaStepDefinition.execute(JavaStepDefinition.java:57)
	at cucumber.runner.PickleStepDefinitionMatch.runStep(PickleStepDefinitionMatch.java:50)
	at cucumber.runner.TestStep.executeStep(TestStep.java:65)
	at cucumber.runner.TestStep.run(TestStep.java:50)
	at cucumber.runner.PickleStepTestStep.run(PickleStepTestStep.java:43)
	at cucumber.runner.TestCase.run(TestCase.java:46)
	at cucumber.runner.Runner.runPickle(Runner.java:50)
	at io.cucumber.junit.PickleRunners$NoStepDescriptions.run(PickleRunners.java:146)
	at io.cucumber.junit.FeatureRunner.runChild(FeatureRunner.java:68)
	at io.cucumber.junit.FeatureRunner.runChild(FeatureRunner.java:23)
	at org.junit.runners.ParentRunner$3.run(ParentRunner.java:290)
	at org.junit.runners.ParentRunner$1.schedule(ParentRunner.java:71)
	at org.junit.runners.ParentRunner.runChildren(ParentRunner.java:288)
	at org.junit.runners.ParentRunner.access$000(ParentRunner.java:58)
	at org.junit.runners.ParentRunner$2.evaluate(ParentRunner.java:268)
	at org.junit.runners.ParentRunner.run(ParentRunner.java:363)
	at io.cucumber.junit.Cucumber.runChild(Cucumber.java:144)
	at io.cucumber.junit.Cucumber.runChild(Cucumber.java:65)
	at org.junit.runners.ParentRunner$3.run(ParentRunner.java:290)
	at org.apache.maven.surefire.junitcore.pc.Scheduler$1.run(Scheduler.java:410)
	at java.base/java.util.concurrent.Executors$RunnableAdapter.call(Executors.java:515)
	at java.base/java.util.concurrent.FutureTask.run(FutureTask.java:264)
	at java.base/java.util.concurrent.ThreadPoolExecutor.runWorker(ThreadPoolExecutor.java:1128)
	at java.base/java.util.concurrent.ThreadPoolExecutor$Worker.run(ThreadPoolExecutor.java:628)
	at java.base/java.lang.Thread.run(Thread.java:830)
&amp#27;[0m
    &amp#27;[36mAnd &amp#27;[0m&amp#27;[36mhe adds product number &amp#27;[0m&amp#27;[36m&amp#27;[1m3&amp#27;[0m&amp#27;[36m to the cart from product's details page&amp#27;[0m                        &amp#27;[90m# StepDefs.heAddsIndifferentProductToTheCartFromProductSDetailsPage(int)&amp#27;[0m
    &amp#27;[36mWhen &amp#27;[0m&amp#27;[36mhe goes to the cart&amp#27;[0m                                                                    &amp#27;[90m# StepDefs.heGoesToTheCart()&amp#27;[0m
    &amp#27;[36mThen &amp#27;[0m&amp#27;[36mhe should see &amp#27;[0m&amp#27;[36m&amp#27;[1m2&amp#27;[0m&amp#27;[36m products added to the cart&amp#27;[0m                                             &amp#27;[90m# StepDefs.heShouldSeeProductsAddedToTheCart(int)&amp#27;[0m

Feature: Login

  Scenario Outline: User should be able to log in to the application with proper credentials &amp#27;[90m# src/test/resources/myproject/features/Login.feature:3&amp#27;[0m
    &amp#27;[36mGiven user goes to the http://automationpractice.com main page&amp#27;[0m
    &amp#27;[36mWhen he goes to the authentication page&amp#27;[0m
    &amp#27;[36mAnd he enter <login> and <password> credentials&amp#27;[0m
    &amp#27;[36mThen he is logged in and my account page is displayed&amp#27;[0m

    Examples: 

  Scenario Outline: User should be able to log in to the application with proper credentials &amp#27;[90m# src/test/resources/myproject/features/Login.feature:11&amp#27;[0m
    &amp#27;[32mGiven &amp#27;[0m&amp#27;[32muser goes to the &amp#27;[0m&amp#27;[32m&amp#27;[1mhttp://automationpractice.com&amp#27;[0m&amp#27;[32m main page&amp#27;[0m                           &amp#27;[90m# StepDefs.goToThePage(String)&amp#27;[0m
    &amp#27;[31mWhen &amp#27;[0m&amp#27;[31mhe goes to the authentication page&amp#27;[0m                                                  &amp#27;[90m# StepDefs.goToTheAuthenticationPage()&amp#27;[0m
      &amp#27;[31morg.openqa.selenium.StaleElementReferenceException: stale element reference: element is not attached to the page document
  (Session info: chrome=78.0.3904.97)
For documentation on this error, please visit: https://www.seleniumhq.org/exceptions/stale_element_reference.html
Build info: version: '3.141.59', revision: 'e82be7d358', time: '2018-11-14T08:17:03'
System info: host: 'MacBook-Pro-Robert.local', ip: 'fe80:0:0:0:1082:485d:f34d:4f64%en0', os.name: 'Mac OS X', os.arch: 'x86_64', os.version: '10.14.5', java.version: '13.0.1'
Driver info: org.openqa.selenium.chrome.ChromeDriver
Capabilities {acceptInsecureCerts: false, browserName: chrome, browserVersion: 78.0.3904.97, chrome: {chromedriverVersion: 78.0.3904.70 (edb9c9f3de024..., userDataDir: /var/folders/rd/3fnxw8fx1l3...}, goog:chromeOptions: {debuggerAddress: localhost:51841}, javascriptEnabled: true, networkConnectionEnabled: false, pageLoadStrategy: normal, platform: MAC, platformName: MAC, proxy: Proxy(), setWindowRect: true, strictFileInteractability: false, timeouts: {implicit: 0, pageLoad: 300000, script: 30000}, unhandledPromptBehavior: dismiss and notify}
Session ID: 7bc97dc42d6dc3facfe4132e3e01b118
	at java.base/jdk.internal.reflect.NativeConstructorAccessorImpl.newInstance0(Native Method)
	at java.base/jdk.internal.reflect.NativeConstructorAccessorImpl.newInstance(NativeConstructorAccessorImpl.java:62)
	at java.base/jdk.internal.reflect.DelegatingConstructorAccessorImpl.newInstance(DelegatingConstructorAccessorImpl.java:45)
	at java.base/java.lang.reflect.Constructor.newInstanceWithCaller(Constructor.java:500)
	at java.base/java.lang.reflect.Constructor.newInstance(Constructor.java:481)
	at org.openqa.selenium.remote.http.W3CHttpResponseCodec.createException(W3CHttpResponseCodec.java:187)
	at org.openqa.selenium.remote.http.W3CHttpResponseCodec.decode(W3CHttpResponseCodec.java:122)
	at org.openqa.selenium.remote.http.W3CHttpResponseCodec.decode(W3CHttpResponseCodec.java:49)
	at org.openqa.selenium.remote.HttpCommandExecutor.execute(HttpCommandExecutor.java:158)
	at org.openqa.selenium.remote.service.DriverCommandExecutor.execute(DriverCommandExecutor.java:83)
	at org.openqa.selenium.remote.RemoteWebDriver.execute(RemoteWebDriver.java:552)
	at org.openqa.selenium.remote.RemoteWebElement.execute(RemoteWebElement.java:285)
	at org.openqa.selenium.remote.RemoteWebElement.click(RemoteWebElement.java:84)
	at utils.WebDriverUtils.click(WebDriverUtils.java:21)
	at myproject.page.HomepagePage.goToTheAuthenticationPage(HomepagePage.java:12)
	at myproject.common.StepDefs.goToTheAuthenticationPage(StepDefs.java:54)
	at ✽.he goes to the authentication page(file:src/test/resources/myproject/features/Login.feature:5)
&amp#27;[0m
    &amp#27;[36mAnd &amp#27;[0m&amp#27;[36mhe enter &amp#27;[0m&amp#27;[36m&amp#27;[1mdefnrbjefkdm3848@mailinator.com&amp#27;[0m&amp#27;[36m and &amp#27;[0m&amp#27;[36m&amp#27;[1mrrrrr&amp#27;[0m&amp#27;[36m credentials&amp#27;[0m                       &amp#27;[90m# StepDefs.enterLoginCredentials(String,String)&amp#27;[0m
    &amp#27;[36mThen &amp#27;[0m&amp#27;[36mhe is logged in and my account page is displayed&amp#27;[0m                                    &amp#27;[90m# StepDefs.userShouldBeLoggedIn()&amp#27;[0m

Feature: Registration

  Scenario Outline: User should be able to register to the application with proper data &amp#27;[90m# src/test/resources/myproject/features/Registration.feature:3&amp#27;[0m
    &amp#27;[36mGiven user goes to the http://automationpractice.com main page&amp#27;[0m
    &amp#27;[36mWhen he goes to the authentication page&amp#27;[0m
    &amp#27;[36mAnd he fills the form with <domain> <title> <name> <lastName> <password> <street> <city> <state> <postalCode> <phoneNumber> data&amp#27;[0m
    &amp#27;[36mThen he is logged in and my account page is displayed&amp#27;[0m

    Examples: 

  Scenario Outline: User should be able to register to the application with proper data                                    &amp#27;[90m# src/test/resources/myproject/features/Registration.feature:11&amp#27;[0m
    &amp#27;[32mGiven &amp#27;[0m&amp#27;[32muser goes to the &amp#27;[0m&amp#27;[32m&amp#27;[1mhttp://automationpractice.com&amp#27;[0m&amp#27;[32m main page&amp#27;[0m                                                         &amp#27;[90m# StepDefs.goToThePage(String)&amp#27;[0m
    &amp#27;[31mWhen &amp#27;[0m&amp#27;[31mhe goes to the authentication page&amp#27;[0m                                                                                &amp#27;[90m# StepDefs.goToTheAuthenticationPage()&amp#27;[0m
      &amp#27;[31morg.openqa.selenium.StaleElementReferenceException: stale element reference: element is not attached to the page document
  (Session info: chrome=78.0.3904.97)
For documentation on this error, please visit: https://www.seleniumhq.org/exceptions/stale_element_reference.html
Build info: version: '3.141.59', revision: 'e82be7d358', time: '2018-11-14T08:17:03'
System info: host: 'MacBook-Pro-Robert.local', ip: 'fe80:0:0:0:1082:485d:f34d:4f64%en0', os.name: 'Mac OS X', os.arch: 'x86_64', os.version: '10.14.5', java.version: '13.0.1'
Driver info: org.openqa.selenium.chrome.ChromeDriver
Capabilities {acceptInsecureCerts: false, browserName: chrome, browserVersion: 78.0.3904.97, chrome: {chromedriverVersion: 78.0.3904.70 (edb9c9f3de024..., userDataDir: /var/folders/rd/3fnxw8fx1l3...}, goog:chromeOptions: {debuggerAddress: localhost:51841}, javascriptEnabled: true, networkConnectionEnabled: false, pageLoadStrategy: normal, platform: MAC, platformName: MAC, proxy: Proxy(), setWindowRect: true, strictFileInteractability: false, timeouts: {implicit: 0, pageLoad: 300000, script: 30000}, unhandledPromptBehavior: dismiss and notify}
Session ID: 7bc97dc42d6dc3facfe4132e3e01b118
	at java.base/jdk.internal.reflect.NativeConstructorAccessorImpl.newInstance0(Native Method)
	at java.base/jdk.internal.reflect.NativeConstructorAccessorImpl.newInstance(NativeConstructorAccessorImpl.java:62)
	at java.base/jdk.internal.reflect.DelegatingConstructorAccessorImpl.newInstance(DelegatingConstructorAccessorImpl.java:45)
	at java.base/java.lang.reflect.Constructor.newInstanceWithCaller(Constructor.java:500)
	at java.base/java.lang.reflect.Constructor.newInstance(Constructor.java:481)
	at org.openqa.selenium.remote.http.W3CHttpResponseCodec.createException(W3CHttpResponseCodec.java:187)
	at org.openqa.selenium.remote.http.W3CHttpResponseCodec.decode(W3CHttpResponseCodec.java:122)
	at org.openqa.selenium.remote.http.W3CHttpResponseCodec.decode(W3CHttpResponseCodec.java:49)
	at org.openqa.selenium.remote.HttpCommandExecutor.execute(HttpCommandExecutor.java:158)
	at org.openqa.selenium.remote.service.DriverCommandExecutor.execute(DriverCommandExecutor.java:83)
	at org.openqa.selenium.remote.RemoteWebDriver.execute(RemoteWebDriver.java:552)
	at org.openqa.selenium.remote.RemoteWebElement.execute(RemoteWebElement.java:285)
	at org.openqa.selenium.remote.RemoteWebElement.click(RemoteWebElement.java:84)
	at utils.WebDriverUtils.click(WebDriverUtils.java:21)
	at myproject.page.HomepagePage.goToTheAuthenticationPage(HomepagePage.java:12)
	at myproject.common.StepDefs.goToTheAuthenticationPage(StepDefs.java:54)
	at ✽.he goes to the authentication page(file:src/test/resources/myproject/features/Registration.feature:5)
&amp#27;[0m
    &amp#27;[36mAnd &amp#27;[0m&amp#27;[36mhe fills the form with &amp#27;[0m&amp#27;[36m&amp#27;[1m8@mailinator.com&amp#27;[0m&amp#27;[36m &amp#27;[0m&amp#27;[36m&amp#27;[1mMr&amp#27;[0m&amp#27;[36m &amp#27;[0m&amp#27;[36m&amp#27;[1mRobert&amp#27;[0m&amp#27;[36m &amp#27;[0m&amp#27;[36m&amp#27;[1mFranczak&amp#27;[0m&amp#27;[36m &amp#27;[0m&amp#27;[36m&amp#27;[1mqwerty123&amp#27;[0m&amp#27;[36m &amp#27;[0m&amp#27;[36m&amp#27;[1mStreet18&amp#27;[0m&amp#27;[36m &amp#27;[0m&amp#27;[36m&amp#27;[1mCity123&amp#27;[0m&amp#27;[36m &amp#27;[0m&amp#27;[36m&amp#27;[1mAlabama&amp#27;[0m&amp#27;[36m &amp#27;[0m&amp#27;[36m&amp#27;[1m12345&amp#27;[0m&amp#27;[36m &amp#27;[0m&amp#27;[36m&amp#27;[1m123456789&amp#27;[0m&amp#27;[36m data&amp#27;[0m &amp#27;[90m# StepDefs.registerUser(String,String,String,String,String,String,String,String,String,String)&amp#27;[0m
    &amp#27;[36mThen &amp#27;[0m&amp#27;[36mhe is logged in and my account page is displayed&amp#27;[0m                                                                  &amp#27;[90m# StepDefs.userShouldBeLoggedIn()&amp#27;[0m

Feature: Search engine

  Scenario Outline: User should be able to search for products &amp#27;[90m# src/test/resources/myproject/features/SearchEngine.feature:3&amp#27;[0m
    &amp#27;[36mGiven user goes to the http://automationpractice.com main page&amp#27;[0m
    &amp#27;[36mAnd he logs in with default credentials&amp#27;[0m
    &amp#27;[36mWhen he searches for <product> product&amp#27;[0m
    &amp#27;[36mThen he should see results&amp#27;[0m

    Examples: 

  Scenario Outline: User should be able to search for products     &amp#27;[90m# src/test/resources/myproject/features/SearchEngine.feature:11&amp#27;[0m
    &amp#27;[32mGiven &amp#27;[0m&amp#27;[32muser goes to the &amp#27;[0m&amp#27;[32m&amp#27;[1mhttp://automationpractice.com&amp#27;[0m&amp#27;[32m main page&amp#27;[0m &amp#27;[90m# StepDefs.goToThePage(String)&amp#27;[0m
    &amp#27;[31mAnd &amp#27;[0m&amp#27;[31mhe logs in with default credentials&amp#27;[0m                        &amp#27;[90m# StepDefs.logIn()&amp#27;[0m
      &amp#27;[31morg.openqa.selenium.StaleElementReferenceException: stale element reference: element is not attached to the page document
  (Session info: chrome=78.0.3904.97)
For documentation on this error, please visit: https://www.seleniumhq.org/exceptions/stale_element_reference.html
Build info: version: '3.141.59', revision: 'e82be7d358', time: '2018-11-14T08:17:03'
System info: host: 'MacBook-Pro-Robert.local', ip: 'fe80:0:0:0:1082:485d:f34d:4f64%en0', os.name: 'Mac OS X', os.arch: 'x86_64', os.version: '10.14.5', java.version: '13.0.1'
Driver info: org.openqa.selenium.chrome.ChromeDriver
Capabilities {acceptInsecureCerts: false, browserName: chrome, browserVersion: 78.0.3904.97, chrome: {chromedriverVersion: 78.0.3904.70 (edb9c9f3de024..., userDataDir: /var/folders/rd/3fnxw8fx1l3...}, goog:chromeOptions: {debuggerAddress: localhost:51841}, javascriptEnabled: true, networkConnectionEnabled: false, pageLoadStrategy: normal, platform: MAC, platformName: MAC, proxy: Proxy(), setWindowRect: true, strictFileInteractability: false, timeouts: {implicit: 0, pageLoad: 300000, script: 30000}, unhandledPromptBehavior: dismiss and notify}
Session ID: 7bc97dc42d6dc3facfe4132e3e01b118
	at java.base/jdk.internal.reflect.NativeConstructorAccessorImpl.newInstance0(Native Method)
	at java.base/jdk.internal.reflect.NativeConstructorAccessorImpl.newInstance(NativeConstructorAccessorImpl.java:62)
	at java.base/jdk.internal.reflect.DelegatingConstructorAccessorImpl.newInstance(DelegatingConstructorAccessorImpl.java:45)
	at java.base/java.lang.reflect.Constructor.newInstanceWithCaller(Constructor.java:500)
	at java.base/java.lang.reflect.Constructor.newInstance(Constructor.java:481)
	at org.openqa.selenium.remote.http.W3CHttpResponseCodec.createException(W3CHttpResponseCodec.java:187)
	at org.openqa.selenium.remote.http.W3CHttpResponseCodec.decode(W3CHttpResponseCodec.java:122)
	at org.openqa.selenium.remote.http.W3CHttpResponseCodec.decode(W3CHttpResponseCodec.java:49)
	at org.openqa.selenium.remote.HttpCommandExecutor.execute(HttpCommandExecutor.java:158)
	at org.openqa.selenium.remote.service.DriverCommandExecutor.execute(DriverCommandExecutor.java:83)
	at org.openqa.selenium.remote.RemoteWebDriver.execute(RemoteWebDriver.java:552)
	at org.openqa.selenium.remote.RemoteWebElement.execute(RemoteWebElement.java:285)
	at org.openqa.selenium.remote.RemoteWebElement.click(RemoteWebElement.java:84)
	at utils.WebDriverUtils.click(WebDriverUtils.java:21)
	at myproject.page.HomepagePage.goToTheAuthenticationPage(HomepagePage.java:12)
	at myproject.common.StepDefs.goToTheAuthenticationPage(StepDefs.java:54)
	at myproject.common.StepDefs.logIn(StepDefs.java:59)
	at ✽.he logs in with default credentials(file:src/test/resources/myproject/features/SearchEngine.feature:5)
&amp#27;[0m
    &amp#27;[36mWhen &amp#27;[0m&amp#27;[36mhe searches for &amp#27;[0m&amp#27;[36m&amp#27;[1mdress&amp#27;[0m&amp#27;[36m product&amp#27;[0m                             &amp#27;[90m# StepDefs.searchForProduct(String)&amp#27;[0m
    &amp#27;[36mThen &amp#27;[0m&amp#27;[36mhe should see results&amp#27;[0m                                     &amp#27;[90m# StepDefs.shouldSeeResult()&amp#27;[0m

Feature: Add products to cart

  Scenario Outline: User should be able to add different products to the cart in different ways &amp#27;[90m# src/test/resources/myproject/features/SortProducts.feature:3&amp#27;[0m
    &amp#27;[36mGiven user goes to the http://automationpractice.com main page&amp#27;[0m
    &amp#27;[36mAnd he logs in with default credentials&amp#27;[0m
    &amp#27;[36mAnd he searches for <product> product&amp#27;[0m
    &amp#27;[36mWhen he sorts products by <sortOption>&amp#27;[0m
    &amp#27;[36mThen products are sorted by <sortOption>&amp#27;[0m

    Examples: 

  Scenario Outline: User should be able to add different products to the cart in different ways &amp#27;[90m# src/test/resources/myproject/features/SortProducts.feature:15&amp#27;[0m
    &amp#27;[32mGiven &amp#27;[0m&amp#27;[32muser goes to the &amp#27;[0m&amp#27;[32m&amp#27;[1mhttp://automationpractice.com&amp#27;[0m&amp#27;[32m main page&amp#27;[0m                              &amp#27;[90m# StepDefs.goToThePage(String)&amp#27;[0m
    &amp#27;[31mAnd &amp#27;[0m&amp#27;[31mhe logs in with default credentials&amp#27;[0m                                                     &amp#27;[90m# StepDefs.logIn()&amp#27;[0m
      &amp#27;[31morg.openqa.selenium.StaleElementReferenceException: stale element reference: element is not attached to the page document
  (Session info: chrome=78.0.3904.97)
For documentation on this error, please visit: https://www.seleniumhq.org/exceptions/stale_element_reference.html
Build info: version: '3.141.59', revision: 'e82be7d358', time: '2018-11-14T08:17:03'
System info: host: 'MacBook-Pro-Robert.local', ip: 'fe80:0:0:0:1082:485d:f34d:4f64%en0', os.name: 'Mac OS X', os.arch: 'x86_64', os.version: '10.14.5', java.version: '13.0.1'
Driver info: org.openqa.selenium.chrome.ChromeDriver
Capabilities {acceptInsecureCerts: false, browserName: chrome, browserVersion: 78.0.3904.97, chrome: {chromedriverVersion: 78.0.3904.70 (edb9c9f3de024..., userDataDir: /var/folders/rd/3fnxw8fx1l3...}, goog:chromeOptions: {debuggerAddress: localhost:51841}, javascriptEnabled: true, networkConnectionEnabled: false, pageLoadStrategy: normal, platform: MAC, platformName: MAC, proxy: Proxy(), setWindowRect: true, strictFileInteractability: false, timeouts: {implicit: 0, pageLoad: 300000, script: 30000}, unhandledPromptBehavior: dismiss and notify}
Session ID: 7bc97dc42d6dc3facfe4132e3e01b118
	at java.base/jdk.internal.reflect.NativeConstructorAccessorImpl.newInstance0(Native Method)
	at java.base/jdk.internal.reflect.NativeConstructorAccessorImpl.newInstance(NativeConstructorAccessorImpl.java:62)
	at java.base/jdk.internal.reflect.DelegatingConstructorAccessorImpl.newInstance(DelegatingConstructorAccessorImpl.java:45)
	at java.base/java.lang.reflect.Constructor.newInstanceWithCaller(Constructor.java:500)
	at java.base/java.lang.reflect.Constructor.newInstance(Constructor.java:481)
	at org.openqa.selenium.remote.http.W3CHttpResponseCodec.createException(W3CHttpResponseCodec.java:187)
	at org.openqa.selenium.remote.http.W3CHttpResponseCodec.decode(W3CHttpResponseCodec.java:122)
	at org.openqa.selenium.remote.http.W3CHttpResponseCodec.decode(W3CHttpResponseCodec.java:49)
	at org.openqa.selenium.remote.HttpCommandExecutor.execute(HttpCommandExecutor.java:158)
	at org.openqa.selenium.remote.service.DriverCommandExecutor.execute(DriverCommandExecutor.java:83)
	at org.openqa.selenium.remote.RemoteWebDriver.execute(RemoteWebDriver.java:552)
	at org.openqa.selenium.remote.RemoteWebElement.execute(RemoteWebElement.java:285)
	at org.openqa.selenium.remote.RemoteWebElement.click(RemoteWebElement.java:84)
	at utils.WebDriverUtils.click(WebDriverUtils.java:21)
	at myproject.page.HomepagePage.goToTheAuthenticationPage(HomepagePage.java:12)
	at myproject.common.StepDefs.goToTheAuthenticationPage(StepDefs.java:54)
	at myproject.common.StepDefs.logIn(StepDefs.java:59)
	at ✽.he logs in with default credentials(file:src/test/resources/myproject/features/SortProducts.feature:5)
&amp#27;[0m
    &amp#27;[36mAnd &amp#27;[0m&amp#27;[36mhe searches for &amp#27;[0m&amp#27;[36m&amp#27;[1mdress&amp#27;[0m&amp#27;[36m product&amp#27;[0m                                                           &amp#27;[90m# StepDefs.searchForProduct(String)&amp#27;[0m
    &amp#27;[36mWhen &amp#27;[0m&amp#27;[36mhe sorts products by &amp#27;[0m&amp#27;[36m&amp#27;[1mPrice: Lowest first&amp#27;[0m                                               &amp#27;[90m# StepDefs.heSortsProductsBySortOption(String)&amp#27;[0m
    &amp#27;[36mThen &amp#27;[0m&amp#27;[36mproducts are sorted by &amp#27;[0m&amp#27;[36m&amp#27;[1mPrice: Lowest first&amp#27;[0m                                             &amp#27;[90m# StepDefs.productsAreSortedBySortOption(String)&amp#27;[0m
]]></system-out>
  </testcase>
</testsuite>