<?xml version="1.0" encoding="UTF-8"?>
<testsuite xmlns:xsi="http://www.w3.org/2001/XMLSchema-instance" xsi:noNamespaceSchemaLocation="https://maven.apache.org/surefire/maven-surefire-plugin/xsd/surefire-test-report.xsd" name="Login" time="15.22" tests="1" errors="1" skipped="0" failures="0">
  <properties>
[...]
</properties>
  <testcase name="User should be able to log in to the application with proper credentials" classname="Login" time="15.22">
    <error message="stale element reference: element is not attached to the page document&#10;  (Session info: chrome=78.0.3904.97)&#10;For documentation on this error, please visit: https://www.seleniumhq.org/exceptions/stale_element_reference.html&#10;Build info: version: &apos;3.141.59&apos;, revision: &apos;e82be7d358&apos;, time: &apos;2018-11-14T08:17:03&apos;&#10;System info: host: &apos;MacBook-Pro-Robert.local&apos;, ip: &apos;fe80:0:0:0:1082:485d:f34d:4f64%en0&apos;, os.name: &apos;Mac OS X&apos;, os.arch: &apos;x86_64&apos;, os.version: &apos;10.14.5&apos;, java.version: &apos;13.0.1&apos;&#10;Driver info: org.openqa.selenium.chrome.ChromeDriver&#10;Capabilities {acceptInsecureCerts: false, browserName: chrome, browserVersion: 78.0.3904.97, chrome: {chromedriverVersion: 78.0.3904.70 (edb9c9f3de024..., userDataDir: /var/folders/rd/3fnxw8fx1l3...}, goog:chromeOptions: {debuggerAddress: localhost:51841}, javascriptEnabled: true, networkConnectionEnabled: false, pageLoadStrategy: normal, platform: MAC, platformName: MAC, proxy: Proxy(), setWindowRect: true, strictFileInteractability: false, timeouts: {implicit: 0, pageLoad: 300000, script: 30000}, unhandledPromptBehavior: dismiss and notify}&#10;Session ID: 7bc97dc42d6dc3facfe4132e3e01b118" type="org.openqa.selenium.StaleElementReferenceException">org.openqa.selenium.StaleElementReferenceException: 
stale element reference: element is not attached to the page document
  (Session info: chrome=78.0.3904.97)
For documentation on this error, please visit: https://www.seleniumhq.org/exceptions/stale_element_reference.html
Build info: version: '3.141.59', revision: 'e82be7d358', time: '2018-11-14T08:17:03'
System info: host: 'MacBook-Pro-Robert.local', ip: 'fe80:0:0:0:1082:485d:f34d:4f64%en0', os.name: 'Mac OS X', os.arch: 'x86_64', os.version: '10.14.5', java.version: '13.0.1'
Driver info: org.openqa.selenium.chrome.ChromeDriver
Capabilities {acceptInsecureCerts: false, browserName: chrome, browserVersion: 78.0.3904.97, chrome: {chromedriverVersion: 78.0.3904.70 (edb9c9f3de024..., userDataDir: /var/folders/rd/3fnxw8fx1l3...}, goog:chromeOptions: {debuggerAddress: localhost:51841}, javascriptEnabled: true, networkConnectionEnabled: false, pageLoadStrategy: normal, platform: MAC, platformName: MAC, proxy: Proxy(), setWindowRect: true, strictFileInteractability: false, timeouts: {implicit: 0, pageLoad: 300000, script: 30000}, unhandledPromptBehavior: dismiss and notify}
Session ID: 7bc97dc42d6dc3facfe4132e3e01b118
</error>
  </testcase>
</testsuite>